{
"contracts/FundMe.sol":{"l":{"33":0,"34":0,"39":3,"40":3,"52":2,"54":1,"55":1,"67":0,"68":0,"69":0,"71":0,"78":0,"79":0},"path":"/root/hardhat-fund-me/contracts/FundMe.sol","s":{"1":0,"2":2,"3":1,"4":0,"5":0,"6":0,"7":0},"b":{"1":[0,0],"2":[1,1],"3":[0,0],"4":[0,0]},"f":{"1":0,"2":3,"3":2,"4":0},"fnMap":{"1":{"name":"onlyOwner","line":31,"loc":{"start":{"line":31,"column":6},"end":{"line":35,"column":4}}},"2":{"name":"constructor","line":38,"loc":{"start":{"line":38,"column":4},"end":{"line":41,"column":4}}},"3":{"name":"fund","line":51,"loc":{"start":{"line":51,"column":4},"end":{"line":56,"column":4}}},"4":{"name":"withdraw","line":66,"loc":{"start":{"line":66,"column":4},"end":{"line":80,"column":4}}}},"statementMap":{"1":{"start":{"line":33,"column":8},"end":{"line":33,"column":59}},"2":{"start":{"line":52,"column":8},"end":{"line":52,"column":100}},"3":{"start":{"line":55,"column":8},"end":{"line":55,"column":31}},"4":{"start":{"line":67,"column":8},"end":{"line":67,"column":2006}},"5":{"start":{"line":68,"column":12},"end":{"line":68,"column":49}},"6":{"start":{"line":78,"column":8},"end":{"line":78,"column":89}},"7":{"start":{"line":79,"column":8},"end":{"line":79,"column":42}}},"branchMap":{"1":{"line":33,"type":"if","locations":[{"start":{"line":33,"column":8},"end":{"line":33,"column":8}},{"start":{"line":33,"column":8},"end":{"line":33,"column":8}}]},"2":{"line":52,"type":"if","locations":[{"start":{"line":52,"column":8},"end":{"line":52,"column":8}},{"start":{"line":52,"column":8},"end":{"line":52,"column":8}}]},"3":{"line":66,"type":"if","locations":[{"start":{"line":66,"column":31},"end":{"line":66,"column":31}},{"start":{"line":66,"column":31},"end":{"line":66,"column":31}}]},"4":{"line":79,"type":"if","locations":[{"start":{"line":79,"column":8},"end":{"line":79,"column":8}},{"start":{"line":79,"column":8},"end":{"line":79,"column":8}}]}}},
"contracts/PriceConverter.sol":{"l":{"16":2,"18":2,"29":2,"30":2,"34":2},"path":"/root/hardhat-fund-me/contracts/PriceConverter.sol","s":{"1":2,"2":2,"3":2,"4":2,"5":2},"b":{},"f":{"1":2,"2":2},"fnMap":{"1":{"name":"getPrice","line":10,"loc":{"start":{"line":10,"column":4},"end":{"line":21,"column":4}}},"2":{"name":"getConversionRate","line":24,"loc":{"start":{"line":24,"column":4},"end":{"line":35,"column":4}}}},"statementMap":{"1":{"start":{"line":16,"column":8},"end":{"line":16,"column":61}},"2":{"start":{"line":18,"column":8},"end":{"line":18,"column":44}},"3":{"start":{"line":29,"column":8},"end":{"line":29,"column":46}},"4":{"start":{"line":30,"column":8},"end":{"line":30,"column":77}},"5":{"start":{"line":34,"column":8},"end":{"line":34,"column":29}}},"branchMap":{}},
"contracts/test/MockV3Aggregator.sol":{"l":{},"path":"/root/hardhat-fund-me/contracts/test/MockV3Aggregator.sol","s":{},"b":{},"f":{},"fnMap":{},"statementMap":{},"branchMap":{}}}
