TN:
SF:/root/hardhat-fund-me/contracts/FundMe.sol
FN:31,onlyOwner
FN:38,constructor
FN:51,fund
FN:66,withdraw
FNF:4
FNH:2
FNDA:0,onlyOwner
FNDA:3,constructor
FNDA:2,fund
FNDA:0,withdraw
DA:33,0
DA:34,0
DA:39,3
DA:40,3
DA:52,2
DA:54,1
DA:55,1
DA:67,0
DA:68,0
DA:69,0
DA:71,0
DA:78,0
DA:79,0
LF:13
LH:5
BRDA:33,1,0,0
BRDA:33,1,1,0
BRDA:52,2,0,1
BRDA:52,2,1,1
BRDA:66,3,0,0
BRDA:66,3,1,0
BRDA:79,4,0,0
BRDA:79,4,1,0
BRF:8
BRH:2
end_of_record
TN:
SF:/root/hardhat-fund-me/contracts/PriceConverter.sol
FN:10,getPrice
FN:24,getConversionRate
FNF:2
FNH:2
FNDA:2,getPrice
FNDA:2,getConversionRate
DA:16,2
DA:18,2
DA:29,2
DA:30,2
DA:34,2
LF:5
LH:5
BRF:0
BRH:0
end_of_record
TN:
SF:/root/hardhat-fund-me/contracts/test/MockV3Aggregator.sol
FNF:0
FNH:0
LF:0
LH:0
BRF:0
BRH:0
end_of_record
